  Source.cpp
  The contents of <memory_resource> are only available with C++17 or later.
c:\users\adi\source\repos\aoc_01\aoc_09\source.cpp(11): error C3083: 'pmr': the symbol to the left of a '::' must be a type
c:\users\adi\source\repos\aoc_01\aoc_09\source.cpp(11): error C2143: syntax error: missing ';' before '<'
c:\users\adi\source\repos\aoc_01\aoc_09\source.cpp(11): error C2059: syntax error: '<'
c:\users\adi\source\repos\aoc_01\aoc_09\source.cpp(16): error C2663: 'std::list<_Ty,_Alloc>::begin': 2 overloads have no legal conversion for 'this' pointer
c:\users\adi\source\repos\aoc_01\aoc_09\source.cpp(17): error C2663: 'std::list<_Ty,_Alloc>::end': 2 overloads have no legal conversion for 'this' pointer
c:\users\adi\source\repos\aoc_01\aoc_09\source.cpp(22): error C2663: 'std::list<_Ty,_Alloc>::end': 2 overloads have no legal conversion for 'this' pointer
c:\users\adi\source\repos\aoc_01\aoc_09\source.cpp(23): error C2663: 'std::list<_Ty,_Alloc>::begin': 2 overloads have no legal conversion for 'this' pointer
c:\users\adi\source\repos\aoc_01\aoc_09\source.cpp(36): error C3083: 'pmr': the symbol to the left of a '::' must be a type
c:\users\adi\source\repos\aoc_01\aoc_09\source.cpp(36): error C2039: 'monotonic_buffer_resource': is not a member of 'std'
  c:\program files (x86)\microsoft visual studio\2017\community\vc\tools\msvc\14.16.27023\include\chrono(19): note: see declaration of 'std'
c:\users\adi\source\repos\aoc_01\aoc_09\source.cpp(36): error C3861: 'monotonic_buffer_resource': identifier not found
c:\users\adi\source\repos\aoc_01\aoc_09\source.cpp(37): error C2514: 'std::list': class has no constructors
  c:\program files (x86)\microsoft visual studio\2017\community\vc\tools\msvc\14.16.27023\include\list(739): note: see declaration of 'std::list'
c:\users\adi\source\repos\aoc_01\aoc_09\source.cpp(38): error C2662: 'decltype(auto) std::list<_Ty,_Alloc>::emplace_back<int>(int &&)': cannot convert 'this' pointer from 'list' to 'std::list<_Ty,_Alloc> &'
  c:\users\adi\source\repos\aoc_01\aoc_09\source.cpp(38): note: Reason: cannot convert from 'list' to 'std::list<_Ty,_Alloc>'
  c:\users\adi\source\repos\aoc_01\aoc_09\source.cpp(38): note: Conversion requires a second user-defined-conversion operator or constructor
c:\users\adi\source\repos\aoc_01\aoc_09\source.cpp(39): error C2663: 'std::list<_Ty,_Alloc>::begin': 2 overloads have no legal conversion for 'this' pointer
c:\users\adi\source\repos\aoc_01\aoc_09\source.cpp(43): error C3536: 'pos': cannot be used before it is initialized
c:\users\adi\source\repos\aoc_01\aoc_09\source.cpp(43): error C2664: 'list_iterator circle_jerk(list_iterator,list &,int)': cannot convert argument 1 from 'int' to 'list_iterator'
  c:\users\adi\source\repos\aoc_01\aoc_09\source.cpp(43): note: No constructor could take the source type, or constructor overload resolution was ambiguous
c:\users\adi\source\repos\aoc_01\aoc_09\source.cpp(43): error C2789: 'tmp': an object of const-qualified type must be initialized
  c:\users\adi\source\repos\aoc_01\aoc_09\source.cpp(43): note: see declaration of 'tmp'
c:\users\adi\source\repos\aoc_01\aoc_09\source.cpp(44): error C3536: 'tmp': cannot be used before it is initialized
c:\users\adi\source\repos\aoc_01\aoc_09\source.cpp(44): error C2100: illegal indirection
c:\users\adi\source\repos\aoc_01\aoc_09\source.cpp(45): error C2663: 'std::list<_Ty,_Alloc>::erase': 2 overloads have no legal conversion for 'this' pointer
c:\users\adi\source\repos\aoc_01\aoc_09\source.cpp(46): error C2664: 'list_iterator circle_jerk(list_iterator,list &,int)': cannot convert argument 1 from 'int' to 'list_iterator'
  c:\users\adi\source\repos\aoc_01\aoc_09\source.cpp(46): note: No constructor could take the source type, or constructor overload resolution was ambiguous
c:\users\adi\source\repos\aoc_01\aoc_09\source.cpp(49): error C2664: 'list_iterator circle_jerk(list_iterator,list &,int)': cannot convert argument 1 from 'int' to 'list_iterator'
  c:\users\adi\source\repos\aoc_01\aoc_09\source.cpp(49): note: No constructor could take the source type, or constructor overload resolution was ambiguous
c:\users\adi\source\repos\aoc_01\aoc_09\source.cpp(49): error C2663: 'std::list<_Ty,_Alloc>::insert': 4 overloads have no legal conversion for 'this' pointer
c:\users\adi\source\repos\aoc_01\aoc_09\source.cpp(50): error C2664: 'list_iterator circle_jerk(list_iterator,list &,int)': cannot convert argument 1 from 'int' to 'list_iterator'
  c:\users\adi\source\repos\aoc_01\aoc_09\source.cpp(50): note: No constructor could take the source type, or constructor overload resolution was ambiguous
